<?xml version="1.0" encoding="UTF-8"?>
<!-- Generated by org.testng.reporters.JUnitXMLReporter -->
<testsuite hostname="PF0U9M4X" ignored="2" name="Test" tests="3" failures="0" timestamp="03 Jul 2018 08:53:44 GMT" time="0.141" errors="0">
  <testcase name="@BeforeMethod setUp" time="0.0" classname="com.hellofresh.challenge.TestBase">
    <failure type="org.testng.TestNGException" message="
Parameter &amp;apos;browser&amp;apos; is required by BeforeMethod on method setUp but has not been marked @Optional or defined
in C:\Users\Priyatham.Bolli\Documents\UITEST\testng.xml">
      <![CDATA[org.testng.TestNGException: 
Parameter 'browser' is required by BeforeMethod on method setUp but has not been marked @Optional or defined
in C:\Users\Priyatham.Bolli\Documents\UITEST\testng.xml
... Removed 24 stack frames]]>
    </failure>
  </testcase> <!-- @BeforeMethod setUp -->
  <testcase name="@BeforeMethod setUp" time="0.0" classname="com.hellofresh.challenge.TestBase">
    <skipped/>
  </testcase> <!-- @BeforeMethod setUp -->
  <testcase name="@BeforeMethod setUp" time="0.0" classname="com.hellofresh.challenge.TestBase">
    <skipped/>
  </testcase> <!-- @BeforeMethod setUp -->
  <testcase name="@AfterTest endReport" time="0.0" classname="com.hellofresh.challenge.TestBase">
    <skipped/>
  </testcase> <!-- @AfterTest endReport -->
  <testcase name="signInTest" time="0.0" classname="com.hellofresh.challenge.WebTest">
    <skipped/>
  </testcase> <!-- signInTest -->
  <testcase name="logInTest" time="0.0" classname="com.hellofresh.challenge.WebTest">
    <skipped/>
  </testcase> <!-- logInTest -->
  <testcase name="checkoutTest" time="0.0" classname="com.hellofresh.challenge.WebTest">
    <skipped/>
  </testcase> <!-- checkoutTest -->
  <testcase name="@BeforeTest SetExtent" time="0.0" classname="com.hellofresh.challenge.TestBase">
    <ignored/>
  </testcase> <!-- @BeforeTest SetExtent -->
  <testcase name="@AfterTest endReport" time="0.0" classname="com.hellofresh.challenge.TestBase">
    <ignored/>
  </testcase> <!-- @AfterTest endReport -->
</testsuite> <!-- Test -->
